[17-Jun-2025 14:34:19 UTC] Received GET parameters: Array
(
    [order_id] => 49
)

[17-Jun-2025 14:34:19 UTC] Processing order ID: 49
[17-Jun-2025 14:34:23 UTC] Received GET parameters: Array
(
    [order_id] => 35
)

[17-Jun-2025 14:34:23 UTC] Processing order ID: 35
[17-Jun-2025 14:34:23 UTC] Received GET parameters: Array
(
    [order_id] => 35
)

[17-Jun-2025 14:34:23 UTC] Processing order ID: 35
[17-Jun-2025 14:34:23 UTC] Received GET parameters: Array
(
    [order_id] => 35
)

[17-Jun-2025 14:34:23 UTC] Processing order ID: 35
[17-Jun-2025 14:34:25 UTC] Received GET parameters: Array
(
    [order_id] => 51
)

[17-Jun-2025 14:34:25 UTC] Processing order ID: 51
[17-Jun-2025 14:34:25 UTC] Received GET parameters: Array
(
    [order_id] => 51
)

[17-Jun-2025 14:34:26 UTC] Processing order ID: 51
[17-Jun-2025 14:34:26 UTC] Received GET parameters: Array
(
    [order_id] => 51
)

[17-Jun-2025 14:34:26 UTC] Processing order ID: 51
[17-Jun-2025 14:34:26 UTC] Received GET parameters: Array
(
    [order_id] => 51
)

[17-Jun-2025 14:34:26 UTC] Processing order ID: 51
[17-Jun-2025 14:34:26 UTC] Received GET parameters: Array
(
    [order_id] => 51
)

[17-Jun-2025 14:34:26 UTC] Processing order ID: 51
[17-Jun-2025 14:34:26 UTC] Received GET parameters: Array
(
    [order_id] => 51
)

[17-Jun-2025 14:34:26 UTC] Processing order ID: 51
[17-Jun-2025 14:34:28 UTC] Received GET parameters: Array
(
    [order_id] => 36
)

[17-Jun-2025 14:34:28 UTC] Processing order ID: 36
[17-Jun-2025 14:34:28 UTC] Received GET parameters: Array
(
    [order_id] => 36
)

[17-Jun-2025 14:34:28 UTC] Processing order ID: 36
[17-Jun-2025 14:34:28 UTC] Received GET parameters: Array
(
    [order_id] => 36
)

[17-Jun-2025 14:34:28 UTC] Processing order ID: 36
[17-Jun-2025 14:34:28 UTC] Received GET parameters: Array
(
    [order_id] => 36
)

[17-Jun-2025 14:34:28 UTC] Processing order ID: 36
[17-Jun-2025 14:34:28 UTC] Received GET parameters: Array
(
    [order_id] => 36
)

[17-Jun-2025 14:34:28 UTC] Processing order ID: 36
[17-Jun-2025 14:34:28 UTC] Received GET parameters: Array
(
    [order_id] => 36
)

[17-Jun-2025 14:34:28 UTC] Processing order ID: 36
[17-Jun-2025 14:34:28 UTC] Received GET parameters: Array
(
    [order_id] => 36
)

[17-Jun-2025 14:34:28 UTC] Processing order ID: 36
[17-Jun-2025 14:34:28 UTC] Received GET parameters: Array
(
    [order_id] => 36
)

[17-Jun-2025 14:34:28 UTC] Processing order ID: 36
[17-Jun-2025 14:34:28 UTC] Received GET parameters: Array
(
    [order_id] => 36
)

[17-Jun-2025 14:34:28 UTC] Processing order ID: 36
[17-Jun-2025 14:34:28 UTC] Received GET parameters: Array
(
    [order_id] => 36
)

[17-Jun-2025 14:34:28 UTC] Processing order ID: 36
[17-Jun-2025 14:51:41 UTC] PHP Warning:  include(includes/head.php): Failed to open stream: No such file or directory in D:\laragon\www\webservice\api\admin\user.php on line 13
[17-Jun-2025 14:51:41 UTC] PHP Warning:  include(): Failed opening 'includes/head.php' for inclusion (include_path='.;D:/laragon/etc/php/pear') in D:\laragon\www\webservice\api\admin\user.php on line 13
[17-Jun-2025 15:06:13 UTC] Received GET parameters: Array
(
    [order_id] => 35
)

[17-Jun-2025 15:06:13 UTC] Processing order ID: 35
[17-Jun-2025 15:11:42 UTC] Received GET parameters: Array
(
    [order_id] => 51
)

[17-Jun-2025 15:11:42 UTC] Processing order ID: 51
[17-Jun-2025 15:17:33 UTC] Received GET parameters: Array
(
    [order_id] => 42
)

[17-Jun-2025 15:17:33 UTC] Processing order ID: 42
[17-Jun-2025 15:17:42 UTC] Received GET parameters: Array
(
    [order_id] => 36
)

[17-Jun-2025 15:17:42 UTC] Processing order ID: 36
[17-Jun-2025 15:17:44 UTC] Received GET parameters: Array
(
    [order_id] => 35
)

[17-Jun-2025 15:17:44 UTC] Processing order ID: 35
[17-Jun-2025 15:17:44 UTC] Received GET parameters: Array
(
    [order_id] => 35
)

[17-Jun-2025 15:17:44 UTC] Processing order ID: 35
[17-Jun-2025 15:17:44 UTC] Received GET parameters: Array
(
    [order_id] => 35
)

[17-Jun-2025 15:17:44 UTC] Processing order ID: 35
[17-Jun-2025 15:17:47 UTC] Received GET parameters: Array
(
    [order_id] => 50
)

[17-Jun-2025 15:17:47 UTC] Processing order ID: 50
[17-Jun-2025 15:17:47 UTC] Received GET parameters: Array
(
    [order_id] => 50
)

[17-Jun-2025 15:17:47 UTC] Processing order ID: 50
[17-Jun-2025 15:17:47 UTC] Received GET parameters: Array
(
    [order_id] => 50
)

[17-Jun-2025 15:17:47 UTC] Processing order ID: 50
[17-Jun-2025 15:17:47 UTC] Received GET parameters: Array
(
    [order_id] => 50
)

[17-Jun-2025 15:17:47 UTC] Processing order ID: 50
[17-Jun-2025 15:17:47 UTC] Received GET parameters: Array
(
    [order_id] => 50
)

[17-Jun-2025 15:17:47 UTC] Processing order ID: 50
[17-Jun-2025 15:17:47 UTC] Received GET parameters: Array
(
    [order_id] => 50
)

[17-Jun-2025 15:17:47 UTC] Processing order ID: 50
[17-Jun-2025 15:18:56 UTC] PHP Fatal error:  Uncaught mysqli_sql_exception: Access denied for user 'android'@'localhost' (using password: YES) in D:\laragon\www\webservice\api\admin\koneksimysql.php:4
Stack trace:
#0 D:\laragon\www\webservice\api\admin\koneksimysql.php(4): mysqli_connect('localhost', 'android', Object(SensitiveParameterValue), 'android')
#1 D:\laragon\www\webservice\api\admin\index.php(7): include('D:\\laragon\\www\\...')
#2 {main}
  thrown in D:\laragon\www\webservice\api\admin\koneksimysql.php on line 4
[17-Jun-2025 15:18:57 UTC] PHP Fatal error:  Uncaught mysqli_sql_exception: Access denied for user 'android'@'localhost' (using password: YES) in D:\laragon\www\webservice\api\admin\koneksimysql.php:4
Stack trace:
#0 D:\laragon\www\webservice\api\admin\koneksimysql.php(4): mysqli_connect('localhost', 'android', Object(SensitiveParameterValue), 'android')
#1 D:\laragon\www\webservice\api\admin\index.php(7): include('D:\\laragon\\www\\...')
#2 {main}
  thrown in D:\laragon\www\webservice\api\admin\koneksimysql.php on line 4
[17-Jun-2025 15:18:58 UTC] PHP Fatal error:  Uncaught mysqli_sql_exception: Access denied for user 'android'@'localhost' (using password: YES) in D:\laragon\www\webservice\api\admin\koneksimysql.php:4
Stack trace:
#0 D:\laragon\www\webservice\api\admin\koneksimysql.php(4): mysqli_connect('localhost', 'android', Object(SensitiveParameterValue), 'android')
#1 D:\laragon\www\webservice\api\admin\index.php(7): include('D:\\laragon\\www\\...')
#2 {main}
  thrown in D:\laragon\www\webservice\api\admin\koneksimysql.php on line 4
[17-Jun-2025 15:19:06 UTC] PHP Fatal error:  Uncaught mysqli_sql_exception: Access denied for user 'android'@'localhost' (using password: YES) in D:\laragon\www\webservice\api\admin\koneksimysql.php:4
Stack trace:
#0 D:\laragon\www\webservice\api\admin\koneksimysql.php(4): mysqli_connect('localhost', 'android', Object(SensitiveParameterValue), 'android')
#1 D:\laragon\www\webservice\api\admin\login.php(3): include('D:\\laragon\\www\\...')
#2 {main}
  thrown in D:\laragon\www\webservice\api\admin\koneksimysql.php on line 4
[17-Jun-2025 15:19:11 UTC] PHP Fatal error:  Uncaught mysqli_sql_exception: Access denied for user 'android'@'localhost' (using password: YES) in D:\laragon\www\webservice\api\admin\koneksimysql.php:4
Stack trace:
#0 D:\laragon\www\webservice\api\admin\koneksimysql.php(4): mysqli_connect('localhost', 'android', Object(SensitiveParameterValue), 'android')
#1 D:\laragon\www\webservice\api\admin\login.php(3): include('D:\\laragon\\www\\...')
#2 {main}
  thrown in D:\laragon\www\webservice\api\admin\koneksimysql.php on line 4
[17-Jun-2025 15:19:11 UTC] PHP Fatal error:  Uncaught mysqli_sql_exception: Access denied for user 'android'@'localhost' (using password: YES) in D:\laragon\www\webservice\api\admin\koneksimysql.php:4
Stack trace:
#0 D:\laragon\www\webservice\api\admin\koneksimysql.php(4): mysqli_connect('localhost', 'android', Object(SensitiveParameterValue), 'android')
#1 D:\laragon\www\webservice\api\admin\login.php(3): include('D:\\laragon\\www\\...')
#2 {main}
  thrown in D:\laragon\www\webservice\api\admin\koneksimysql.php on line 4
[17-Jun-2025 15:19:49 UTC] Received GET parameters: Array
(
    [order_id] => 35
)

[17-Jun-2025 15:19:49 UTC] Processing order ID: 35
[17-Jun-2025 15:19:53 UTC] Received GET parameters: Array
(
    [order_id] => 36
)

[17-Jun-2025 15:19:53 UTC] Processing order ID: 36
[17-Jun-2025 15:19:53 UTC] Received GET parameters: Array
(
    [order_id] => 36
)

[17-Jun-2025 15:19:53 UTC] Processing order ID: 36
[17-Jun-2025 15:19:53 UTC] Received GET parameters: Array
(
    [order_id] => 36
)

[17-Jun-2025 15:19:53 UTC] Processing order ID: 36
[17-Jun-2025 15:20:12 UTC] Received GET parameters: Array
(
    [order_id] => 35
)

[17-Jun-2025 15:20:12 UTC] Processing order ID: 35
[17-Jun-2025 15:20:15 UTC] Received GET parameters: Array
(
    [order_id] => 49
)

[17-Jun-2025 15:20:15 UTC] Processing order ID: 49
[17-Jun-2025 15:20:15 UTC] Received GET parameters: Array
(
    [order_id] => 49
)

[17-Jun-2025 15:20:15 UTC] Processing order ID: 49
[17-Jun-2025 15:20:15 UTC] Received GET parameters: Array
(
    [order_id] => 49
)

[17-Jun-2025 15:20:15 UTC] Processing order ID: 49
[17-Jun-2025 15:20:28 UTC] Received GET parameters: Array
(
    [order_id] => 49
)

[17-Jun-2025 15:20:28 UTC] Processing order ID: 49
[17-Jun-2025 15:27:28 UTC] Received GET parameters: Array
(
    [order_id] => 36
)

[17-Jun-2025 15:27:28 UTC] Processing order ID: 36
[17-Jun-2025 15:28:17 UTC] Received GET parameters: Array
(
    [order_id] => 36
)

[17-Jun-2025 15:28:17 UTC] Processing order ID: 36
[17-Jun-2025 15:29:21 UTC] Received GET parameters: Array
(
    [order_id] => 36
)

[17-Jun-2025 15:29:21 UTC] Processing order ID: 36
[17-Jun-2025 15:29:23 UTC] Received GET parameters: Array
(
    [order_id] => 51
)

[17-Jun-2025 15:29:23 UTC] Processing order ID: 51
[17-Jun-2025 15:29:23 UTC] Received GET parameters: Array
(
    [order_id] => 51
)

[17-Jun-2025 15:29:23 UTC] Processing order ID: 51
[17-Jun-2025 15:29:23 UTC] Received GET parameters: Array
(
    [order_id] => 51
)

[17-Jun-2025 15:29:23 UTC] Processing order ID: 51
[17-Jun-2025 15:29:25 UTC] Received GET parameters: Array
(
    [order_id] => 49
)

[17-Jun-2025 15:29:25 UTC] Processing order ID: 49
[17-Jun-2025 15:29:25 UTC] Received GET parameters: Array
(
    [order_id] => 49
)

[17-Jun-2025 15:29:25 UTC] Processing order ID: 49
[17-Jun-2025 15:29:25 UTC] Received GET parameters: Array
(
    [order_id] => 49
)

[17-Jun-2025 15:29:25 UTC] Processing order ID: 49
[17-Jun-2025 15:29:25 UTC] Received GET parameters: Array
(
    [order_id] => 49
)

[17-Jun-2025 15:29:25 UTC] Processing order ID: 49
[17-Jun-2025 15:29:25 UTC] Received GET parameters: Array
(
    [order_id] => 49
)

[17-Jun-2025 15:29:26 UTC] Processing order ID: 49
[17-Jun-2025 15:29:26 UTC] Received GET parameters: Array
(
    [order_id] => 49
)

[17-Jun-2025 15:29:26 UTC] Processing order ID: 49
[17-Jun-2025 15:41:00 UTC] Received GET parameters: Array
(
    [order_id] => 35
)

[17-Jun-2025 15:41:00 UTC] Processing order ID: 35
[17-Jun-2025 15:41:02 UTC] Received GET parameters: Array
(
    [order_id] => 51
)

[17-Jun-2025 15:41:02 UTC] Processing order ID: 51
[17-Jun-2025 15:41:02 UTC] Received GET parameters: Array
(
    [order_id] => 51
)

[17-Jun-2025 15:41:02 UTC] Processing order ID: 51
[17-Jun-2025 15:41:02 UTC] Received GET parameters: Array
(
    [order_id] => 51
)

[17-Jun-2025 15:41:02 UTC] Processing order ID: 51
[17-Jun-2025 15:41:05 UTC] Received GET parameters: Array
(
    [order_id] => 50
)

[17-Jun-2025 15:41:05 UTC] Processing order ID: 50
[17-Jun-2025 15:41:05 UTC] Received GET parameters: Array
(
    [order_id] => 50
)

[17-Jun-2025 15:41:05 UTC] Processing order ID: 50
[17-Jun-2025 15:41:05 UTC] Received GET parameters: Array
(
    [order_id] => 50
)

[17-Jun-2025 15:41:05 UTC] Processing order ID: 50
[17-Jun-2025 15:41:05 UTC] Received GET parameters: Array
(
    [order_id] => 50
)

[17-Jun-2025 15:41:05 UTC] Processing order ID: 50
[17-Jun-2025 15:41:05 UTC] Received GET parameters: Array
(
    [order_id] => 50
)

[17-Jun-2025 15:41:05 UTC] Processing order ID: 50
[17-Jun-2025 15:41:05 UTC] Received GET parameters: Array
(
    [order_id] => 50
)

[17-Jun-2025 15:41:05 UTC] Processing order ID: 50
[17-Jun-2025 15:41:06 UTC] Received GET parameters: Array
(
    [order_id] => 50
)

[17-Jun-2025 15:41:06 UTC] Processing order ID: 50
[17-Jun-2025 15:41:08 UTC] Received GET parameters: Array
(
    [order_id] => 36
)

[17-Jun-2025 15:41:08 UTC] Processing order ID: 36
[17-Jun-2025 15:41:08 UTC] Received GET parameters: Array
(
    [order_id] => 36
)

[17-Jun-2025 15:41:08 UTC] Processing order ID: 36
[17-Jun-2025 15:41:08 UTC] Received GET parameters: Array
(
    [order_id] => 36
)

[17-Jun-2025 15:41:08 UTC] Processing order ID: 36
[17-Jun-2025 15:41:08 UTC] Received GET parameters: Array
(
    [order_id] => 36
)

[17-Jun-2025 15:41:08 UTC] Processing order ID: 36
[17-Jun-2025 15:41:08 UTC] Received GET parameters: Array
(
    [order_id] => 36
)

[17-Jun-2025 15:41:08 UTC] Processing order ID: 36
[17-Jun-2025 15:41:08 UTC] Received GET parameters: Array
(
    [order_id] => 36
)

[17-Jun-2025 15:41:08 UTC] Processing order ID: 36
[17-Jun-2025 15:41:08 UTC] Received GET parameters: Array
(
    [order_id] => 36
)

[17-Jun-2025 15:41:08 UTC] Processing order ID: 36
[17-Jun-2025 15:41:08 UTC] Received GET parameters: Array
(
    [order_id] => 36
)

[17-Jun-2025 15:41:08 UTC] Processing order ID: 36
[17-Jun-2025 15:41:08 UTC] Received GET parameters: Array
(
    [order_id] => 36
)

[17-Jun-2025 15:41:08 UTC] Processing order ID: 36
[17-Jun-2025 15:41:08 UTC] Received GET parameters: Array
(
    [order_id] => 36
)

[17-Jun-2025 15:41:08 UTC] Processing order ID: 36
[17-Jun-2025 15:41:08 UTC] Received GET parameters: Array
(
    [order_id] => 36
)

[17-Jun-2025 15:41:08 UTC] Processing order ID: 36
[17-Jun-2025 15:41:08 UTC] Received GET parameters: Array
(
    [order_id] => 36
)

[17-Jun-2025 15:41:08 UTC] Processing order ID: 36
[17-Jun-2025 15:41:08 UTC] Received GET parameters: Array
(
    [order_id] => 36
)

[17-Jun-2025 15:41:08 UTC] Processing order ID: 36
[17-Jun-2025 15:42:47 UTC] Received GET parameters: Array
(
    [order_id] => 35
)

[17-Jun-2025 15:42:47 UTC] Processing order ID: 35
[17-Jun-2025 15:43:53 UTC] Received GET parameters: Array
(
    [order_id] => 35
)

[17-Jun-2025 15:43:53 UTC] Processing order ID: 35
[17-Jun-2025 15:44:57 UTC] Received GET parameters: Array
(
    [order_id] => 36
)

[17-Jun-2025 15:44:57 UTC] Processing order ID: 36
[17-Jun-2025 15:45:00 UTC] Received GET parameters: Array
(
    [order_id] => 35
)

[17-Jun-2025 15:45:00 UTC] Processing order ID: 35
[17-Jun-2025 15:45:00 UTC] Received GET parameters: Array
(
    [order_id] => 35
)

[17-Jun-2025 15:45:00 UTC] Processing order ID: 35
[17-Jun-2025 15:45:00 UTC] Received GET parameters: Array
(
    [order_id] => 35
)

[17-Jun-2025 15:45:00 UTC] Processing order ID: 35
[17-Jun-2025 15:51:02 UTC] Received GET parameters: Array
(
    [order_id] => 36
)

[17-Jun-2025 15:51:02 UTC] Processing order ID: 36
[17-Jun-2025 15:58:03 UTC] PHP Fatal error:  Uncaught mysqli_sql_exception: Access denied for user 'android'@'localhost' (using password: YES) in D:\laragon\www\webservice\api\admin\koneksimysql.php:4
Stack trace:
#0 D:\laragon\www\webservice\api\admin\koneksimysql.php(4): mysqli_connect('localhost', 'android', Object(SensitiveParameterValue), 'android')
#1 D:\laragon\www\webservice\api\admin\index.php(7): include('D:\\laragon\\www\\...')
#2 {main}
  thrown in D:\laragon\www\webservice\api\admin\koneksimysql.php on line 4
